\BOOKMARK [1][-]{section.1}{\376\377\137\025\212\000}{}% 1
\BOOKMARK [2][-]{subsection.1.1}{\376\377\177\026\121\231\166\356\166\204}{section.1}% 2
\BOOKMARK [2][-]{subsection.1.2}{\376\377\230\171\166\356\200\314\146\157}{section.1}% 3
\BOOKMARK [3][-]{subsubsection.1.2.1}{\376\377\171\076\117\032\200\314\146\157}{subsection.1.2}% 4
\BOOKMARK [3][-]{subsubsection.1.2.2}{\376\377\210\114\116\032\163\260\162\266}{subsection.1.2}% 5
\BOOKMARK [1][-]{section.2}{\376\377\230\171\166\356\151\202\217\360}{}% 6
\BOOKMARK [2][-]{subsection.2.1}{\376\377\135\345\117\134\121\205\133\271}{section.2}% 7
\BOOKMARK [3][-]{subsubsection.2.1.1}{\376\377\230\171\166\356\166\204\211\304\152\041}{subsection.2.1}% 8
\BOOKMARK [3][-]{subsubsection.2.1.2}{\376\377\230\171\166\356\166\204\217\157\116\366\165\037\124\175\124\150\147\037\123\312\152\041\127\213}{subsection.2.1}% 9
\BOOKMARK [3][-]{subsubsection.2.1.3}{\376\377\230\171\166\356\166\204\217\157\116\366\122\237\200\375}{subsection.2.1}% 10
\BOOKMARK [3][-]{subsubsection.2.1.4}{\376\377\230\171\166\356\166\204\217\157\116\366\140\047\200\375}{subsection.2.1}% 11
\BOOKMARK [2][-]{subsection.2.2}{\376\377\147\141\116\366\124\214\226\120\122\066}{section.2}% 12
\BOOKMARK [3][-]{subsubsection.2.2.1}{\376\377\147\141\116\366}{subsection.2.2}% 13
\BOOKMARK [3][-]{subsubsection.2.2.2}{\376\377\226\120\122\066}{subsection.2.2}% 14
\BOOKMARK [2][-]{subsection.2.3}{\376\377\116\247\124\301}{section.2}% 15
\BOOKMARK [3][-]{subsubsection.2.3.1}{\376\377\172\013\136\217}{subsection.2.3}% 16
\BOOKMARK [3][-]{subsubsection.2.3.2}{\376\377\145\207\150\143}{subsection.2.3}% 17
\BOOKMARK [3][-]{subsubsection.2.3.3}{\376\377\217\320\210\114\163\257\130\203}{subsection.2.3}% 18
\BOOKMARK [3][-]{subsubsection.2.3.4}{\376\377\232\214\145\066\150\007\121\306}{subsection.2.3}% 19
\BOOKMARK [1][-]{section.3}{\376\377\133\236\145\275\213\241\122\022}{}% 20
\BOOKMARK [2][-]{subsection.3.1}{\376\377\116\373\122\241\122\006\211\343}{section.3}% 21
\BOOKMARK [2][-]{subsection.3.2}{\376\377\116\272\124\130}{section.3}% 22
\BOOKMARK [2][-]{subsection.3.3}{\376\377\217\333\136\246}{section.3}% 23
\BOOKMARK [2][-]{subsection.3.4}{\376\377\121\163\225\056\225\356\230\230}{section.3}% 24
\BOOKMARK [3][-]{subsubsection.3.4.1}{\376\377\230\316\226\151\122\006\147\220\123\312\211\304\220\177\142\113\153\265}{subsection.3.4}% 25
\BOOKMARK [3][-]{subsubsection.3.4.2}{\376\377\142\020\147\054\122\006\147\220}{subsection.3.4}% 26
\BOOKMARK [1][-]{section.4}{\376\377\145\057\143\001\147\141\116\366}{}% 27
\BOOKMARK [2][-]{subsection.4.1}{\376\377\213\241\173\227\147\072\174\373\176\337\145\057\143\001}{section.4}% 28
\BOOKMARK [2][-]{subsection.4.2}{\376\377\165\050\142\067\145\057\143\001}{section.4}% 29
