\BOOKMARK [1][-]{section.1}{\376\377\173\200\116\313}{}% 1
\BOOKMARK [2][-]{subsection.1.1}{\376\377\166\356\166\204}{section.1}% 2
\BOOKMARK [2][-]{subsection.1.2}{\376\377\203\003\126\364}{section.1}% 3
\BOOKMARK [3][-]{subsubsection.1.2.1}{\376\377\217\157\116\366\124\015\171\360}{subsection.1.2}% 4
\BOOKMARK [3][-]{subsubsection.1.2.2}{\376\377\217\157\116\366\122\237\200\375}{subsection.1.2}% 5
\BOOKMARK [3][-]{subsubsection.1.2.3}{\376\377\217\157\116\366\136\224\165\050}{subsection.1.2}% 6
\BOOKMARK [1][-]{section.2}{\376\377\227\000\154\102\213\364\146\016}{}% 7
\BOOKMARK [2][-]{subsection.2.1}{\376\377\122\237\200\375\227\000\154\102\143\317\217\360}{section.2}% 8
\BOOKMARK [3][-]{subsubsection.2.1.1}{\376\377\165\050\142\067\173\241\164\006\122\237\200\375}{subsection.2.1}% 9
\BOOKMARK [3][-]{subsubsection.2.1.2}{\376\377\122\250\162\151\117\341\140\157\173\241\164\006\122\237\200\375}{subsection.2.1}% 10
\BOOKMARK [3][-]{subsubsection.2.1.3}{\376\377\230\206\121\173\165\063\213\367\116\016\133\241\142\171\122\237\200\375}{subsection.2.1}% 11
\BOOKMARK [3][-]{subsubsection.2.1.4}{\376\377\122\250\162\151\127\060\126\376\133\232\117\115\122\237\200\375}{subsection.2.1}% 12
\BOOKMARK [3][-]{subsubsection.2.1.5}{\376\377\122\250\162\151\213\306\126\376\144\034\175\042\122\237\200\375}{subsection.2.1}% 13
\BOOKMARK [3][-]{subsubsection.2.1.6}{\376\377\230\206\121\173\143\007\123\127\122\237\200\375}{subsection.2.1}% 14
\BOOKMARK [3][-]{subsubsection.2.1.7}{\376\377\121\166\116\326\122\237\200\375\227\000\154\102}{subsection.2.1}% 15
\BOOKMARK [2][-]{subsection.2.2}{\376\377\143\245\123\343\227\000\154\102\143\317\217\360}{section.2}% 16
\BOOKMARK [2][-]{subsection.2.3}{\376\377\140\047\200\375\227\000\154\102\143\317\217\360}{section.2}% 17
\BOOKMARK [3][-]{subsubsection.2.3.1}{\376\377\174\373\176\337\124\315\136\224\145\366\225\364}{subsection.2.3}% 18
\BOOKMARK [3][-]{subsubsection.2.3.2}{\376\377\136\166\123\321\165\050\142\067\131\004\164\006\200\375\122\233}{subsection.2.3}% 19
\BOOKMARK [3][-]{subsubsection.2.3.3}{\376\377\145\160\143\156\131\004\164\006\116\016\133\130\120\250\133\271\221\317}{subsection.2.3}% 20
\BOOKMARK [3][-]{subsubsection.2.3.4}{\376\377\174\373\176\337\123\357\165\050\140\047\116\016\121\174\133\271\140\047}{subsection.2.3}% 21
\BOOKMARK [2][-]{subsection.2.4}{\376\377\133\211\121\150\227\000\154\102\143\317\217\360}{section.2}% 22
\BOOKMARK [2][-]{subsection.2.5}{\376\377\163\257\130\203\227\000\154\102\143\317\217\360}{section.2}% 23
\BOOKMARK [3][-]{subsubsection.2.5.1}{\376\377\147\015\122\241\172\357}{subsection.2.5}% 24
\BOOKMARK [3][-]{subsubsection.2.5.2}{\376\377\213\276\131\007\211\201\154\102}{subsection.2.5}% 25
\BOOKMARK [3][-]{subsubsection.2.5.3}{\376\377\122\115\172\357\117\235\215\126}{subsection.2.5}% 26
\BOOKMARK [3][-]{subsubsection.2.5.4}{\376\377\133\242\142\067\172\357}{subsection.2.5}% 27
\BOOKMARK [1][-]{section.3}{\376\377\174\373\176\337\117\123\174\373\176\323\147\204\126\376}{}% 28
\BOOKMARK [2][-]{subsection.3.1}{\376\377\133\242\142\067\172\357}{section.3}% 29
\BOOKMARK [2][-]{subsection.3.2}{\376\377\124\016\172\357\174\373\176\337}{section.3}% 30
\BOOKMARK [2][-]{subsection.3.3}{\376\377\131\026\220\350\147\015\122\241}{section.3}% 31
\BOOKMARK [1][-]{section.4}{\376\377\145\160\143\156\136\223\213\276\213\241}{}% 32
\BOOKMARK [2][-]{subsection.4.1}{\376\377\000E\000R\000\040\126\376}{section.4}% 33
\BOOKMARK [2][-]{subsection.4.2}{\376\377\220\073\217\221\176\323\147\204\213\276\213\241}{section.4}% 34
\BOOKMARK [2][-]{subsection.4.3}{\376\377\162\151\164\006\176\323\147\204\213\276\213\241}{section.4}% 35
\BOOKMARK [1][-]{section.5}{\376\377\121\163\225\056\217\307\172\013}{}% 36
\BOOKMARK [2][-]{subsection.5.1}{\376\377\165\050\142\067\154\350\121\214\166\173\137\125\217\307\172\013}{section.5}% 37
\BOOKMARK [3][-]{subsubsection.5.1.1}{\376\377\165\050\142\067\154\350\121\214\217\307\172\013}{subsection.5.1}% 38
\BOOKMARK [3][-]{subsubsection.5.1.2}{\376\377\165\050\142\067\166\173\137\125\217\307\172\013}{subsection.5.1}% 39
\BOOKMARK [2][-]{subsection.5.2}{\376\377\122\250\162\151\117\341\140\157\173\241\164\006\217\307\172\013}{section.5}% 40
\BOOKMARK [3][-]{subsubsection.5.2.1}{\376\377\173\241\164\006\124\130\177\026\217\221\122\250\162\151\117\341\140\157\217\307\172\013}{subsection.5.2}% 41
\BOOKMARK [3][-]{subsubsection.5.2.2}{\376\377\146\156\220\032\165\050\142\067\143\320\116\244\145\260\122\250\162\151\117\341\140\157\217\307\172\013}{subsection.5.2}% 42
\BOOKMARK [3][-]{subsubsection.5.2.3}{\376\377\165\050\142\067\147\345\167\013\122\250\162\151\117\341\140\157\217\307\172\013}{subsection.5.2}% 43
\BOOKMARK [2][-]{subsection.5.3}{\376\377\230\206\121\173\165\063\213\367\116\016\133\241\142\171\217\307\172\013}{section.5}% 44
\BOOKMARK [3][-]{subsubsection.5.3.1}{\376\377\165\050\142\067\143\320\116\244\230\206\121\173\165\063\213\367\217\307\172\013}{subsection.5.3}% 45
\BOOKMARK [3][-]{subsubsection.5.3.2}{\376\377\173\241\164\006\124\130\133\241\150\070\230\206\121\173\165\063\213\367\217\307\172\013}{subsection.5.3}% 46
\BOOKMARK [2][-]{subsection.5.4}{\376\377\122\250\162\151\127\060\126\376\133\232\117\115\217\307\172\013}{section.5}% 47
\BOOKMARK [3][-]{subsubsection.5.4.1}{\376\377\165\050\142\067\147\345\167\013\122\250\162\151\127\060\126\376\217\307\172\013}{subsection.5.4}% 48
\BOOKMARK [3][-]{subsubsection.5.4.2}{\376\377\165\050\142\067\146\364\145\260\122\250\162\151\117\115\177\156\217\307\172\013}{subsection.5.4}% 49
\BOOKMARK [2][-]{subsection.5.5}{\376\377\122\250\162\151\213\306\126\376\144\034\175\042\217\307\172\013}{section.5}% 50
\BOOKMARK [2][-]{subsection.5.6}{\376\377\000U\000I\000\040\145\160\143\156\131\004\164\006\116\016\116\244\116\222\217\307\172\013}{section.5}% 51
\BOOKMARK [2][-]{subsection.5.7}{\376\377\145\160\143\156\213\277\225\356\116\016\143\001\116\105\123\026\217\307\172\013}{section.5}% 52
\BOOKMARK [2][-]{subsection.5.8}{\376\377\116\016\131\026\220\350\147\015\122\241\166\204\116\244\116\222\217\307\172\013}{section.5}% 53
\BOOKMARK [1][-]{section.6}{\376\377\165\114\227\142}{}% 54
\BOOKMARK [2][-]{subsection.6.1}{\376\377\165\050\142\067\172\357\165\114\227\142}{section.6}% 55
\BOOKMARK [3][-]{subsubsection.6.1.1}{\376\377\166\173\137\125\154\350\121\214\165\114\227\142}{subsection.6.1}% 56
\BOOKMARK [3][-]{subsubsection.6.1.2}{\376\377\116\052\116\272\117\341\140\157\165\114\227\142}{subsection.6.1}% 57
\BOOKMARK [3][-]{subsubsection.6.1.3}{\376\377\122\250\162\151\117\341\140\157\173\133\220\011\165\114\227\142}{subsection.6.1}% 58
\BOOKMARK [3][-]{subsubsection.6.1.4}{\376\377\122\250\162\151\117\341\140\157\155\117\211\310\165\114\227\142}{subsection.6.1}% 59
\BOOKMARK [3][-]{subsubsection.6.1.5}{\376\377\230\206\121\173\165\063\213\367\165\114\227\142}{subsection.6.1}% 60
\BOOKMARK [3][-]{subsubsection.6.1.6}{\376\377\122\250\162\151\127\060\126\376\165\114\227\142}{subsection.6.1}% 61
\BOOKMARK [2][-]{subsection.6.2}{\376\377\173\241\164\006\124\130\172\357\165\114\227\142}{section.6}% 62
\BOOKMARK [3][-]{subsubsection.6.2.1}{\376\377\166\173\137\125\165\114\227\142}{subsection.6.2}% 63
\BOOKMARK [3][-]{subsubsection.6.2.2}{\376\377\122\250\162\151\117\341\140\157\173\241\164\006\165\114\227\142}{subsection.6.2}% 64
\BOOKMARK [3][-]{subsubsection.6.2.3}{\376\377\122\250\162\151\117\341\140\157\155\117\211\310\165\114\227\142}{subsection.6.2}% 65
\BOOKMARK [3][-]{subsubsection.6.2.4}{\376\377\230\206\121\173\165\063\213\367\133\241\142\171\165\114\227\142}{subsection.6.2}% 66
\BOOKMARK [3][-]{subsubsection.6.2.5}{\376\377\122\250\162\151\127\060\126\376\173\241\164\006\165\114\227\142}{subsection.6.2}% 67
\BOOKMARK [3][-]{subsubsection.6.2.6}{\376\377\230\206\121\173\143\007\123\127\173\241\164\006\165\114\227\142}{subsection.6.2}% 68
\BOOKMARK [1][-]{section.7}{\376\377\213\346\176\306\213\276\213\241}{}% 69
\BOOKMARK [2][-]{subsection.7.1}{\376\377\122\115\172\357\121\205\220\350\143\245\123\343}{section.7}% 70
\BOOKMARK [3][-]{subsubsection.7.1.1}{\376\377\127\372\170\100\117\341\140\157\152\041\127\127}{subsection.7.1}% 71
\BOOKMARK [3][-]{subsubsection.7.1.2}{\376\377\122\250\162\151\230\206\121\173\165\063\213\367\152\041\127\127}{subsection.7.1}% 72
\BOOKMARK [3][-]{subsubsection.7.1.3}{\376\377\122\250\162\151\127\060\126\376\152\041\127\127}{subsection.7.1}% 73
\BOOKMARK [2][-]{subsection.7.2}{\376\377\122\115\124\016\172\357\225\364\116\244\116\222\143\245\123\343}{section.7}% 74
\BOOKMARK [3][-]{subsubsection.7.2.1}{\376\377\000a\000x\000i\000o\000s\136\223}{subsection.7.2}% 75
\BOOKMARK [3][-]{subsubsection.7.2.2}{\376\377\000H\000t\000t\000p\000H\000a\000n\000d\000l\000e\000r\143\245\123\343}{subsection.7.2}% 76
\BOOKMARK [3][-]{subsubsection.7.2.3}{\376\377\000E\000x\000p\000r\000e\000s\000s\117\235\215\126}{subsection.7.2}% 77
\BOOKMARK [2][-]{subsection.7.3}{\376\377\124\016\172\357\121\205\220\350\143\245\123\343}{section.7}% 78
\BOOKMARK [3][-]{subsubsection.7.3.1}{\376\377\127\372\170\100\117\341\140\157\152\041\127\127}{subsection.7.3}% 79
\BOOKMARK [3][-]{subsubsection.7.3.2}{\376\377\122\250\162\151\230\206\121\173\152\041\127\127}{subsection.7.3}% 80
\BOOKMARK [1][-]{section.8}{\376\377\123\357\227\140\140\047\123\312\133\211\121\150\140\047\213\276\213\241}{}% 81
\BOOKMARK [2][-]{subsection.8.1}{\376\377\174\373\176\337\123\357\227\140\140\047\213\276\213\241}{section.8}% 82
\BOOKMARK [3][-]{subsubsection.8.1.1}{\376\377\145\160\143\156\143\001\116\105\123\026\116\016\116\000\201\364\140\047\117\335\226\234}{subsection.8.1}% 83
\BOOKMARK [3][-]{subsubsection.8.1.2}{\376\377\133\271\225\031\116\016\145\105\226\234\140\142\131\015\213\276\213\241}{subsection.8.1}% 84
\BOOKMARK [3][-]{subsubsection.8.1.3}{\376\377\174\373\176\337\166\321\143\247\116\016\145\345\137\327\213\260\137\125}{subsection.8.1}% 85
\BOOKMARK [2][-]{subsection.8.2}{\376\377\174\373\176\337\133\211\121\150\140\047\213\276\213\241}{section.8}% 86
\BOOKMARK [3][-]{subsubsection.8.2.1}{\376\377\216\253\116\375\213\244\213\301\116\016\143\210\147\103}{subsection.8.2}% 87
\BOOKMARK [3][-]{subsubsection.8.2.2}{\376\377\145\160\143\156\117\040\217\223\133\211\121\150}{subsection.8.2}% 88
\BOOKMARK [3][-]{subsubsection.8.2.3}{\376\377\217\223\121\145\232\214\213\301}{subsection.8.2}% 89
\BOOKMARK [3][-]{subsubsection.8.2.4}{\376\377\133\211\121\150\133\241\213\241\116\016\145\345\137\327}{subsection.8.2}% 90
\BOOKMARK [2][-]{subsection.8.3}{\376\377\174\373\176\337\121\372\225\031\213\276\213\241}{section.8}% 91
\BOOKMARK [3][-]{subsubsection.8.3.1}{\376\377\225\031\213\357\117\341\140\157\122\006\174\173\116\016\143\320\171\072}{subsection.8.3}% 92
\BOOKMARK [2][-]{subsection.8.4}{\376\377\210\145\145\121\143\252\145\275}{section.8}% 93
\BOOKMARK [2][-]{subsection.8.5}{\376\377\174\373\176\337\176\364\142\244\213\276\213\241}{section.8}% 94
