\BOOKMARK [1][-]{section.1}{\376\377\137\025\212\000}{}% 1
\BOOKMARK [2][-]{subsection.1.1}{\376\377\177\026\121\231\166\356\166\204}{section.1}% 2
\BOOKMARK [2][-]{subsection.1.2}{\376\377\166\370\121\163\200\314\146\157}{section.1}% 3
\BOOKMARK [2][-]{subsection.1.3}{\376\377\124\015\213\315\211\343\221\312}{section.1}% 4
\BOOKMARK [1][-]{section.2}{\376\377\230\171\166\356\173\200\116\313}{}% 5
\BOOKMARK [2][-]{subsection.2.1}{\376\377\230\171\166\356\143\320\121\372\116\016\141\017\116\111}{section.2}% 6
\BOOKMARK [2][-]{subsection.2.2}{\376\377\230\171\166\356\121\167\117\123\121\205\133\271\116\313\176\315}{section.2}% 7
\BOOKMARK [2][-]{subsection.2.3}{\376\377\116\247\124\301\136\002\127\072\122\006\147\220}{section.2}% 8
\BOOKMARK [3][-]{subsubsection.2.3.1}{\376\377\126\375\121\205\136\002\127\072\122\006\147\220}{subsection.2.3}% 9
\BOOKMARK [3][-]{subsubsection.2.3.2}{\376\377\126\375\131\026\136\002\127\072\122\006\147\220}{subsection.2.3}% 10
\BOOKMARK [2][-]{subsection.2.4}{\376\377\165\050\142\067\227\000\154\102}{section.2}% 11
\BOOKMARK [1][-]{section.3}{\376\377\165\050\142\067\127\072\146\157}{}% 12
\BOOKMARK [2][-]{subsection.3.1}{\376\377\165\050\117\213\126\376}{section.3}% 13
\BOOKMARK [3][-]{subsubsection.3.1.1}{\376\377\127\372\170\100\117\341\140\157\152\041\127\127\165\050\117\213\126\376}{subsection.3.1}% 14
\BOOKMARK [3][-]{subsubsection.3.1.2}{\376\377\122\250\162\151\230\206\121\173\165\063\213\367\152\041\127\127\165\050\117\213\126\376}{subsection.3.1}% 15
\BOOKMARK [3][-]{subsubsection.3.1.3}{\376\377\122\250\162\151\127\060\126\376\133\232\117\115\152\041\127\127\165\050\117\213\126\376}{subsection.3.1}% 16
\BOOKMARK [2][-]{subsection.3.2}{\376\377\122\237\200\375\122\027\210\150}{section.3}% 17
\BOOKMARK [3][-]{subsubsection.3.2.1}{\376\377\165\050\142\067\154\350\121\214}{subsection.3.2}% 18
\BOOKMARK [3][-]{subsubsection.3.2.2}{\376\377\165\050\142\067\166\173\137\125}{subsection.3.2}% 19
\BOOKMARK [3][-]{subsubsection.3.2.3}{\376\377\116\052\116\272\117\341\140\157}{subsection.3.2}% 20
\BOOKMARK [3][-]{subsubsection.3.2.4}{\376\377\122\250\162\151\213\346\176\306\117\341\140\157}{subsection.3.2}% 21
\BOOKMARK [3][-]{subsubsection.3.2.5}{\376\377\122\250\162\151\230\206\121\173\165\063\213\367\116\016\133\241\142\171}{subsection.3.2}% 22
\BOOKMARK [3][-]{subsubsection.3.2.6}{\376\377\122\250\162\151\230\206\121\173\143\007\123\127}{subsection.3.2}% 23
\BOOKMARK [3][-]{subsubsection.3.2.7}{\376\377\122\250\162\151\127\060\126\376}{subsection.3.2}% 24
\BOOKMARK [3][-]{subsubsection.3.2.8}{\376\377\122\250\162\151\213\306\126\376}{subsection.3.2}% 25
\BOOKMARK [2][-]{subsection.3.3}{\376\377\000I\000P\000O\000\040\126\376}{section.3}% 26
\BOOKMARK [3][-]{subsubsection.3.3.1}{\376\377\165\050\142\067\172\357}{subsection.3.3}% 27
\BOOKMARK [3][-]{subsubsection.3.3.2}{\376\377\173\241\164\006\124\130\172\357}{subsection.3.3}% 28
\BOOKMARK [1][-]{section.4}{\376\377\145\160\143\156\155\101\126\376}{}% 29
\BOOKMARK [2][-]{subsection.4.1}{\376\377\230\166\134\102\145\160\143\156\155\101\126\376}{section.4}% 30
\BOOKMARK [2][-]{subsection.4.2}{\376\377\116\055\134\102\145\160\143\156\155\101\126\376}{section.4}% 31
\BOOKMARK [2][-]{subsection.4.3}{\376\377\136\225\134\102\145\160\143\156\155\101\126\376}{section.4}% 32
\BOOKMARK [3][-]{subsubsection.4.3.1}{\376\377\166\173\137\125\131\004\164\006}{subsection.4.3}% 33
\BOOKMARK [3][-]{subsubsection.4.3.2}{\376\377\117\356\145\071\116\052\116\272\117\341\140\157}{subsection.4.3}% 34
\BOOKMARK [3][-]{subsubsection.4.3.3}{\376\377\177\026\217\221\122\250\162\151\117\341\140\157}{subsection.4.3}% 35
\BOOKMARK [3][-]{subsubsection.4.3.4}{\376\377\230\206\121\173\165\063\213\367}{subsection.4.3}% 36
\BOOKMARK [3][-]{subsubsection.4.3.5}{\376\377\122\250\162\151\127\060\126\376}{subsection.4.3}% 37
\BOOKMARK [1][-]{section.5}{\376\377\162\266\140\001\126\376}{}% 38
\BOOKMARK [1][-]{section.6}{\376\377\000C\000R\000C\000\040\123\141}{}% 39
\BOOKMARK [1][-]{section.7}{\376\377\174\173\126\376}{}% 40
\BOOKMARK [1][-]{section.8}{\376\377\145\160\143\156\213\315\121\170}{}% 41
\BOOKMARK [2][-]{subsection.8.1}{\376\377\145\160\143\156\155\101\133\232\116\111\210\150}{section.8}% 42
\BOOKMARK [2][-]{subsection.8.2}{\376\377\145\160\143\156\121\103\175\040\133\232\116\111\210\150}{section.8}% 43
\BOOKMARK [2][-]{subsection.8.3}{\376\377\131\026\220\350\230\171\000/\133\120\174\373\176\337\133\232\116\111\210\150}{section.8}% 44
\BOOKMARK [2][-]{subsection.8.4}{\376\377\145\160\143\156\174\276\136\246\133\232\116\111\210\150}{section.8}% 45
\BOOKMARK [1][-]{section.9}{\376\377\000U\000I\000\040\213\276\213\241}{}% 46
\BOOKMARK [2][-]{subsection.9.1}{\376\377\213\276\213\241\123\237\122\031}{section.9}% 47
\BOOKMARK [2][-]{subsection.9.2}{\376\377\165\050\142\067\122\006\147\220\124\214\116\373\122\241\136\372\152\041}{section.9}% 48
\BOOKMARK [3][-]{subsubsection.9.2.1}{\376\377\165\050\142\067\165\073\120\317\147\204\136\372}{subsection.9.2}% 49
\BOOKMARK [3][-]{subsubsection.9.2.2}{\376\377\116\373\122\241\122\006\211\343\116\016\155\101\172\013\213\276\213\241}{subsection.9.2}% 50
\BOOKMARK [2][-]{subsection.9.3}{\376\377\213\276\213\241\145\110\147\234\126\376}{section.9}% 51
\BOOKMARK [1][-]{section.10}{\376\377\232\214\145\066\150\007\121\306}{}% 52
\BOOKMARK [2][-]{subsection.10.1}{\376\377\122\237\200\375\227\000\154\102}{section.10}% 53
\BOOKMARK [2][-]{subsection.10.2}{\376\377\140\047\200\375\227\000\154\102}{section.10}% 54
\BOOKMARK [2][-]{subsection.10.3}{\376\377\133\211\121\150\140\047\227\000\154\102}{section.10}% 55
\BOOKMARK [2][-]{subsection.10.4}{\376\377\123\357\176\364\142\244\140\047\227\000\154\102}{section.10}% 56
\BOOKMARK [1][-]{section.11}{\376\377\163\257\130\203\217\320\210\114\211\304\133\232}{}% 57
\BOOKMARK [2][-]{subsection.11.1}{\376\377\147\015\122\241\172\357}{section.11}% 58
\BOOKMARK [2][-]{subsection.11.2}{\376\377\213\276\131\007\211\201\154\102}{section.11}% 59
\BOOKMARK [2][-]{subsection.11.3}{\376\377\122\115\172\357\117\235\215\126}{section.11}% 60
\BOOKMARK [2][-]{subsection.11.4}{\376\377\133\242\142\067\172\357}{section.11}% 61
